{"/Users/lrobles/Documents/Learning/Full-stack/go-fullstack-v3-fr/backend/app.js": {"path":"/Users/lrobles/Documents/Learning/Full-stack/go-fullstack-v3-fr/backend/app.js","statementMap":{"0":{"start":{"line":1,"column":16},"end":{"line":1,"column":34}},"1":{"start":{"line":2,"column":17},"end":{"line":2,"column":36}},"2":{"start":{"line":3,"column":29},"end":{"line":3,"column":49}},"3":{"start":{"line":4,"column":12},"end":{"line":4,"column":21}},"4":{"start":{"line":5,"column":0},"end":{"line":5,"column":24}},"5":{"start":{"line":6,"column":19},"end":{"line":6,"column":49}},"6":{"start":{"line":7,"column":19},"end":{"line":7,"column":49}},"7":{"start":{"line":8,"column":20},"end":{"line":8,"column":51}},"8":{"start":{"line":9,"column":19},"end":{"line":9,"column":49}},"9":{"start":{"line":13,"column":0},"end":{"line":17,"column":63}},"10":{"start":{"line":16,"column":16},"end":{"line":16,"column":64}},"11":{"start":{"line":17,"column":17},"end":{"line":17,"column":61}},"12":{"start":{"line":21,"column":0},"end":{"line":26,"column":5}},"13":{"start":{"line":22,"column":4},"end":{"line":22,"column":54}},"14":{"start":{"line":23,"column":4},"end":{"line":23,"column":124}},"15":{"start":{"line":24,"column":4},"end":{"line":24,"column":92}},"16":{"start":{"line":25,"column":4},"end":{"line":25,"column":11}},"17":{"start":{"line":28,"column":0},"end":{"line":28,"column":34}},"18":{"start":{"line":29,"column":0},"end":{"line":29,"column":34}},"19":{"start":{"line":30,"column":0},"end":{"line":30,"column":36}},"20":{"start":{"line":31,"column":0},"end":{"line":31,"column":34}},"21":{"start":{"line":33,"column":0},"end":{"line":33,"column":62}},"22":{"start":{"line":35,"column":0},"end":{"line":35,"column":21}}},"fnMap":{"0":{"name":"(anonymous_0)","decl":{"start":{"line":16,"column":10},"end":{"line":16,"column":11}},"loc":{"start":{"line":16,"column":16},"end":{"line":16,"column":64}},"line":16},"1":{"name":"(anonymous_1)","decl":{"start":{"line":17,"column":11},"end":{"line":17,"column":12}},"loc":{"start":{"line":17,"column":17},"end":{"line":17,"column":61}},"line":17},"2":{"name":"(anonymous_2)","decl":{"start":{"line":21,"column":8},"end":{"line":21,"column":9}},"loc":{"start":{"line":21,"column":28},"end":{"line":26,"column":3}},"line":21}},"branchMap":{},"s":{"0":1,"1":1,"2":1,"3":1,"4":1,"5":1,"6":1,"7":1,"8":1,"9":1,"10":1,"11":0,"12":1,"13":3,"14":3,"15":3,"16":3,"17":1,"18":1,"19":1,"20":1,"21":1,"22":1},"f":{"0":1,"1":0,"2":3},"b":{},"_coverageSchema":"1a1c01bbd47fc00a2c39e90264f33305004495a9","hash":"3c42f5f4cdef4c45f7d812e811a6809e85ed8b86"}
,"/Users/lrobles/Documents/Learning/Full-stack/go-fullstack-v3-fr/backend/swagger.js": {"path":"/Users/lrobles/Documents/Learning/Full-stack/go-fullstack-v3-fr/backend/swagger.js","statementMap":{"0":{"start":{"line":2,"column":21},"end":{"line":2,"column":45}},"1":{"start":{"line":3,"column":18},"end":{"line":3,"column":47}},"2":{"start":{"line":5,"column":16},"end":{"line":20,"column":1}},"3":{"start":{"line":22,"column":14},"end":{"line":22,"column":35}},"4":{"start":{"line":24,"column":0},"end":{"line":27,"column":2}}},"fnMap":{},"branchMap":{},"s":{"0":1,"1":1,"2":1,"3":1,"4":1},"f":{},"b":{},"_coverageSchema":"1a1c01bbd47fc00a2c39e90264f33305004495a9","hash":"bfe532299cc46728312296ba1c1753d7c8a66c16"}
,"/Users/lrobles/Documents/Learning/Full-stack/go-fullstack-v3-fr/backend/controllers/itemController.js": {"path":"/Users/lrobles/Documents/Learning/Full-stack/go-fullstack-v3-fr/backend/controllers/itemController.js","statementMap":{"0":{"start":{"line":1,"column":13},"end":{"line":1,"column":38}},"1":{"start":{"line":5,"column":0},"end":{"line":24,"column":1}},"2":{"start":{"line":6,"column":15},"end":{"line":12,"column":4}},"3":{"start":{"line":13,"column":2},"end":{"line":23,"column":4}},"4":{"start":{"line":15,"column":6},"end":{"line":15,"column":35}},"5":{"start":{"line":19,"column":6},"end":{"line":21,"column":25}},"6":{"start":{"line":26,"column":0},"end":{"line":40,"column":1}},"7":{"start":{"line":27,"column":2},"end":{"line":39,"column":4}},"8":{"start":{"line":31,"column":6},"end":{"line":31,"column":33}},"9":{"start":{"line":35,"column":6},"end":{"line":37,"column":25}},"10":{"start":{"line":42,"column":0},"end":{"line":70,"column":1}},"11":{"start":{"line":43,"column":2},"end":{"line":69,"column":3}},"12":{"start":{"line":44,"column":19},"end":{"line":44,"column":29}},"13":{"start":{"line":45,"column":4},"end":{"line":45,"column":27}},"14":{"start":{"line":47,"column":23},"end":{"line":47,"column":38}},"15":{"start":{"line":50,"column":4},"end":{"line":50,"column":26}},"16":{"start":{"line":52,"column":19},"end":{"line":56,"column":5}},"17":{"start":{"line":58,"column":4},"end":{"line":60,"column":5}},"18":{"start":{"line":59,"column":8},"end":{"line":59,"column":67}},"19":{"start":{"line":62,"column":4},"end":{"line":62,"column":92}},"20":{"start":{"line":63,"column":4},"end":{"line":63,"column":55}},"21":{"start":{"line":64,"column":4},"end":{"line":64,"column":57}},"22":{"start":{"line":67,"column":4},"end":{"line":67,"column":25}},"23":{"start":{"line":68,"column":4},"end":{"line":68,"column":83}},"24":{"start":{"line":72,"column":0},"end":{"line":86,"column":1}},"25":{"start":{"line":73,"column":2},"end":{"line":85,"column":4}},"26":{"start":{"line":75,"column":6},"end":{"line":77,"column":9}},"27":{"start":{"line":81,"column":6},"end":{"line":83,"column":25}},"28":{"start":{"line":88,"column":0},"end":{"line":100,"column":3}},"29":{"start":{"line":89,"column":4},"end":{"line":99,"column":6}},"30":{"start":{"line":91,"column":8},"end":{"line":91,"column":36}},"31":{"start":{"line":95,"column":8},"end":{"line":97,"column":27}}},"fnMap":{"0":{"name":"(anonymous_0)","decl":{"start":{"line":5,"column":21},"end":{"line":5,"column":22}},"loc":{"start":{"line":5,"column":35},"end":{"line":24,"column":1}},"line":5},"1":{"name":"(anonymous_1)","decl":{"start":{"line":14,"column":4},"end":{"line":14,"column":5}},"loc":{"start":{"line":14,"column":10},"end":{"line":16,"column":5}},"line":14},"2":{"name":"(anonymous_2)","decl":{"start":{"line":18,"column":4},"end":{"line":18,"column":5}},"loc":{"start":{"line":18,"column":15},"end":{"line":22,"column":5}},"line":18},"3":{"name":"(anonymous_3)","decl":{"start":{"line":26,"column":21},"end":{"line":26,"column":22}},"loc":{"start":{"line":26,"column":35},"end":{"line":40,"column":1}},"line":26},"4":{"name":"(anonymous_4)","decl":{"start":{"line":30,"column":4},"end":{"line":30,"column":5}},"loc":{"start":{"line":30,"column":14},"end":{"line":32,"column":5}},"line":30},"5":{"name":"(anonymous_5)","decl":{"start":{"line":34,"column":4},"end":{"line":34,"column":5}},"loc":{"start":{"line":34,"column":15},"end":{"line":38,"column":5}},"line":34},"6":{"name":"(anonymous_6)","decl":{"start":{"line":42,"column":21},"end":{"line":42,"column":22}},"loc":{"start":{"line":42,"column":41},"end":{"line":70,"column":1}},"line":42},"7":{"name":"(anonymous_7)","decl":{"start":{"line":72,"column":21},"end":{"line":72,"column":22}},"loc":{"start":{"line":72,"column":35},"end":{"line":86,"column":1}},"line":72},"8":{"name":"(anonymous_8)","decl":{"start":{"line":74,"column":4},"end":{"line":74,"column":5}},"loc":{"start":{"line":74,"column":10},"end":{"line":78,"column":5}},"line":74},"9":{"name":"(anonymous_9)","decl":{"start":{"line":80,"column":4},"end":{"line":80,"column":5}},"loc":{"start":{"line":80,"column":15},"end":{"line":84,"column":5}},"line":80},"10":{"name":"(anonymous_10)","decl":{"start":{"line":88,"column":22},"end":{"line":88,"column":23}},"loc":{"start":{"line":88,"column":36},"end":{"line":100,"column":3}},"line":88},"11":{"name":"(anonymous_11)","decl":{"start":{"line":90,"column":6},"end":{"line":90,"column":7}},"loc":{"start":{"line":90,"column":17},"end":{"line":92,"column":7}},"line":90},"12":{"name":"(anonymous_12)","decl":{"start":{"line":94,"column":6},"end":{"line":94,"column":7}},"loc":{"start":{"line":94,"column":17},"end":{"line":98,"column":7}},"line":94}},"branchMap":{"0":{"loc":{"start":{"line":58,"column":4},"end":{"line":60,"column":5}},"type":"if","locations":[{"start":{"line":58,"column":4},"end":{"line":60,"column":5}},{"start":{},"end":{}}],"line":58},"1":{"loc":{"start":{"line":58,"column":8},"end":{"line":58,"column":43}},"type":"binary-expr","locations":[{"start":{"line":58,"column":8},"end":{"line":58,"column":15}},{"start":{"line":58,"column":19},"end":{"line":58,"column":43}}],"line":58}},"s":{"0":1,"1":1,"2":0,"3":0,"4":0,"5":0,"6":1,"7":0,"8":0,"9":0,"10":1,"11":0,"12":0,"13":0,"14":0,"15":0,"16":0,"17":0,"18":0,"19":0,"20":0,"21":0,"22":0,"23":0,"24":1,"25":0,"26":0,"27":0,"28":1,"29":1,"30":1,"31":0},"f":{"0":0,"1":0,"2":0,"3":0,"4":0,"5":0,"6":0,"7":0,"8":0,"9":0,"10":1,"11":1,"12":0},"b":{"0":[0,0],"1":[0,0]},"_coverageSchema":"1a1c01bbd47fc00a2c39e90264f33305004495a9","hash":"095d76470f298feab862fdc0325218c27936f22b"}
,"/Users/lrobles/Documents/Learning/Full-stack/go-fullstack-v3-fr/backend/controllers/menuController.js": {"path":"/Users/lrobles/Documents/Learning/Full-stack/go-fullstack-v3-fr/backend/controllers/menuController.js","statementMap":{"0":{"start":{"line":2,"column":13},"end":{"line":2,"column":38}},"1":{"start":{"line":4,"column":0},"end":{"line":24,"column":1}},"2":{"start":{"line":5,"column":15},"end":{"line":12,"column":4}},"3":{"start":{"line":13,"column":2},"end":{"line":23,"column":4}},"4":{"start":{"line":15,"column":6},"end":{"line":15,"column":35}},"5":{"start":{"line":19,"column":6},"end":{"line":21,"column":25}},"6":{"start":{"line":26,"column":0},"end":{"line":40,"column":1}},"7":{"start":{"line":27,"column":2},"end":{"line":39,"column":4}},"8":{"start":{"line":31,"column":6},"end":{"line":31,"column":33}},"9":{"start":{"line":35,"column":6},"end":{"line":37,"column":25}},"10":{"start":{"line":42,"column":0},"end":{"line":69,"column":1}},"11":{"start":{"line":43,"column":2},"end":{"line":68,"column":5}},"12":{"start":{"line":44,"column":21},"end":{"line":44,"column":31}},"13":{"start":{"line":45,"column":6},"end":{"line":45,"column":29}},"14":{"start":{"line":47,"column":25},"end":{"line":47,"column":40}},"15":{"start":{"line":50,"column":6},"end":{"line":50,"column":28}},"16":{"start":{"line":52,"column":21},"end":{"line":56,"column":7}},"17":{"start":{"line":58,"column":6},"end":{"line":60,"column":7}},"18":{"start":{"line":59,"column":10},"end":{"line":59,"column":69}},"19":{"start":{"line":62,"column":6},"end":{"line":62,"column":94}},"20":{"start":{"line":66,"column":6},"end":{"line":66,"column":27}},"21":{"start":{"line":67,"column":6},"end":{"line":67,"column":85}},"22":{"start":{"line":71,"column":0},"end":{"line":85,"column":1}},"23":{"start":{"line":72,"column":2},"end":{"line":84,"column":4}},"24":{"start":{"line":74,"column":6},"end":{"line":76,"column":9}},"25":{"start":{"line":80,"column":6},"end":{"line":82,"column":25}},"26":{"start":{"line":87,"column":0},"end":{"line":99,"column":3}},"27":{"start":{"line":88,"column":4},"end":{"line":98,"column":6}},"28":{"start":{"line":90,"column":8},"end":{"line":90,"column":36}},"29":{"start":{"line":94,"column":8},"end":{"line":96,"column":27}}},"fnMap":{"0":{"name":"(anonymous_0)","decl":{"start":{"line":4,"column":21},"end":{"line":4,"column":22}},"loc":{"start":{"line":4,"column":35},"end":{"line":24,"column":1}},"line":4},"1":{"name":"(anonymous_1)","decl":{"start":{"line":14,"column":4},"end":{"line":14,"column":5}},"loc":{"start":{"line":14,"column":10},"end":{"line":16,"column":5}},"line":14},"2":{"name":"(anonymous_2)","decl":{"start":{"line":18,"column":4},"end":{"line":18,"column":5}},"loc":{"start":{"line":18,"column":15},"end":{"line":22,"column":5}},"line":18},"3":{"name":"(anonymous_3)","decl":{"start":{"line":26,"column":21},"end":{"line":26,"column":22}},"loc":{"start":{"line":26,"column":35},"end":{"line":40,"column":1}},"line":26},"4":{"name":"(anonymous_4)","decl":{"start":{"line":30,"column":4},"end":{"line":30,"column":5}},"loc":{"start":{"line":30,"column":14},"end":{"line":32,"column":5}},"line":30},"5":{"name":"(anonymous_5)","decl":{"start":{"line":34,"column":4},"end":{"line":34,"column":5}},"loc":{"start":{"line":34,"column":15},"end":{"line":38,"column":5}},"line":34},"6":{"name":"(anonymous_6)","decl":{"start":{"line":42,"column":21},"end":{"line":42,"column":22}},"loc":{"start":{"line":42,"column":41},"end":{"line":69,"column":1}},"line":42},"7":{"name":"(anonymous_7)","decl":{"start":{"line":71,"column":21},"end":{"line":71,"column":22}},"loc":{"start":{"line":71,"column":35},"end":{"line":85,"column":1}},"line":71},"8":{"name":"(anonymous_8)","decl":{"start":{"line":73,"column":4},"end":{"line":73,"column":5}},"loc":{"start":{"line":73,"column":10},"end":{"line":77,"column":5}},"line":73},"9":{"name":"(anonymous_9)","decl":{"start":{"line":79,"column":4},"end":{"line":79,"column":5}},"loc":{"start":{"line":79,"column":15},"end":{"line":83,"column":5}},"line":79},"10":{"name":"(anonymous_10)","decl":{"start":{"line":87,"column":22},"end":{"line":87,"column":23}},"loc":{"start":{"line":87,"column":36},"end":{"line":99,"column":3}},"line":87},"11":{"name":"(anonymous_11)","decl":{"start":{"line":89,"column":6},"end":{"line":89,"column":7}},"loc":{"start":{"line":89,"column":17},"end":{"line":91,"column":7}},"line":89},"12":{"name":"(anonymous_12)","decl":{"start":{"line":93,"column":6},"end":{"line":93,"column":7}},"loc":{"start":{"line":93,"column":17},"end":{"line":97,"column":7}},"line":93}},"branchMap":{"0":{"loc":{"start":{"line":58,"column":6},"end":{"line":60,"column":7}},"type":"if","locations":[{"start":{"line":58,"column":6},"end":{"line":60,"column":7}},{"start":{},"end":{}}],"line":58},"1":{"loc":{"start":{"line":58,"column":10},"end":{"line":58,"column":45}},"type":"binary-expr","locations":[{"start":{"line":58,"column":10},"end":{"line":58,"column":17}},{"start":{"line":58,"column":21},"end":{"line":58,"column":45}}],"line":58}},"s":{"0":1,"1":1,"2":0,"3":0,"4":0,"5":0,"6":1,"7":0,"8":0,"9":0,"10":1,"11":0,"12":0,"13":0,"14":0,"15":0,"16":0,"17":0,"18":0,"19":0,"20":0,"21":0,"22":1,"23":0,"24":0,"25":0,"26":1,"27":1,"28":1,"29":0},"f":{"0":0,"1":0,"2":0,"3":0,"4":0,"5":0,"6":0,"7":0,"8":0,"9":0,"10":1,"11":1,"12":0},"b":{"0":[0,0],"1":[0,0]},"_coverageSchema":"1a1c01bbd47fc00a2c39e90264f33305004495a9","hash":"ee00a0135343c9db9af917d702da449d085989f0"}
,"/Users/lrobles/Documents/Learning/Full-stack/go-fullstack-v3-fr/backend/controllers/orderController.js": {"path":"/Users/lrobles/Documents/Learning/Full-stack/go-fullstack-v3-fr/backend/controllers/orderController.js","statementMap":{"0":{"start":{"line":2,"column":14},"end":{"line":2,"column":40}},"1":{"start":{"line":4,"column":0},"end":{"line":22,"column":1}},"2":{"start":{"line":5,"column":16},"end":{"line":10,"column":4}},"3":{"start":{"line":11,"column":2},"end":{"line":21,"column":4}},"4":{"start":{"line":13,"column":6},"end":{"line":13,"column":36}},"5":{"start":{"line":17,"column":6},"end":{"line":19,"column":23}},"6":{"start":{"line":24,"column":0},"end":{"line":39,"column":1}},"7":{"start":{"line":25,"column":2},"end":{"line":38,"column":4}},"8":{"start":{"line":29,"column":6},"end":{"line":29,"column":34}},"9":{"start":{"line":33,"column":6},"end":{"line":36,"column":11}},"10":{"start":{"line":41,"column":0},"end":{"line":67,"column":1}},"11":{"start":{"line":42,"column":2},"end":{"line":66,"column":7}},"12":{"start":{"line":43,"column":23},"end":{"line":43,"column":33}},"13":{"start":{"line":45,"column":27},"end":{"line":45,"column":42}},"14":{"start":{"line":48,"column":8},"end":{"line":48,"column":30}},"15":{"start":{"line":50,"column":23},"end":{"line":54,"column":9}},"16":{"start":{"line":56,"column":8},"end":{"line":58,"column":9}},"17":{"start":{"line":57,"column":12},"end":{"line":57,"column":72}},"18":{"start":{"line":60,"column":8},"end":{"line":60,"column":97}},"19":{"start":{"line":64,"column":8},"end":{"line":64,"column":29}},"20":{"start":{"line":65,"column":8},"end":{"line":65,"column":88}},"21":{"start":{"line":69,"column":0},"end":{"line":84,"column":1}},"22":{"start":{"line":70,"column":2},"end":{"line":83,"column":4}},"23":{"start":{"line":72,"column":6},"end":{"line":74,"column":9}},"24":{"start":{"line":78,"column":6},"end":{"line":81,"column":9}},"25":{"start":{"line":86,"column":0},"end":{"line":99,"column":3}},"26":{"start":{"line":87,"column":4},"end":{"line":98,"column":6}},"27":{"start":{"line":89,"column":8},"end":{"line":89,"column":37}},"28":{"start":{"line":93,"column":8},"end":{"line":96,"column":17}},"29":{"start":{"line":101,"column":2},"end":{"line":127,"column":3}},"30":{"start":{"line":102,"column":4},"end":{"line":126,"column":9}},"31":{"start":{"line":103,"column":33},"end":{"line":103,"column":43}},"32":{"start":{"line":105,"column":29},"end":{"line":105,"column":44}},"33":{"start":{"line":108,"column":10},"end":{"line":108,"column":32}},"34":{"start":{"line":110,"column":25},"end":{"line":114,"column":11}},"35":{"start":{"line":116,"column":10},"end":{"line":118,"column":11}},"36":{"start":{"line":117,"column":14},"end":{"line":117,"column":74}},"37":{"start":{"line":120,"column":10},"end":{"line":120,"column":106}},"38":{"start":{"line":124,"column":10},"end":{"line":124,"column":31}},"39":{"start":{"line":125,"column":10},"end":{"line":125,"column":97}}},"fnMap":{"0":{"name":"(anonymous_0)","decl":{"start":{"line":4,"column":22},"end":{"line":4,"column":23}},"loc":{"start":{"line":4,"column":36},"end":{"line":22,"column":1}},"line":4},"1":{"name":"(anonymous_1)","decl":{"start":{"line":12,"column":4},"end":{"line":12,"column":5}},"loc":{"start":{"line":12,"column":10},"end":{"line":14,"column":5}},"line":12},"2":{"name":"(anonymous_2)","decl":{"start":{"line":16,"column":4},"end":{"line":16,"column":5}},"loc":{"start":{"line":16,"column":15},"end":{"line":20,"column":5}},"line":16},"3":{"name":"(anonymous_3)","decl":{"start":{"line":24,"column":22},"end":{"line":24,"column":23}},"loc":{"start":{"line":24,"column":36},"end":{"line":39,"column":1}},"line":24},"4":{"name":"(anonymous_4)","decl":{"start":{"line":28,"column":4},"end":{"line":28,"column":5}},"loc":{"start":{"line":28,"column":15},"end":{"line":30,"column":5}},"line":28},"5":{"name":"(anonymous_5)","decl":{"start":{"line":32,"column":4},"end":{"line":32,"column":5}},"loc":{"start":{"line":32,"column":15},"end":{"line":37,"column":5}},"line":32},"6":{"name":"(anonymous_6)","decl":{"start":{"line":41,"column":23},"end":{"line":41,"column":24}},"loc":{"start":{"line":41,"column":43},"end":{"line":67,"column":1}},"line":41},"7":{"name":"(anonymous_7)","decl":{"start":{"line":69,"column":22},"end":{"line":69,"column":23}},"loc":{"start":{"line":69,"column":36},"end":{"line":84,"column":1}},"line":69},"8":{"name":"(anonymous_8)","decl":{"start":{"line":71,"column":4},"end":{"line":71,"column":5}},"loc":{"start":{"line":71,"column":10},"end":{"line":75,"column":5}},"line":71},"9":{"name":"(anonymous_9)","decl":{"start":{"line":77,"column":4},"end":{"line":77,"column":5}},"loc":{"start":{"line":77,"column":15},"end":{"line":82,"column":5}},"line":77},"10":{"name":"(anonymous_10)","decl":{"start":{"line":86,"column":23},"end":{"line":86,"column":24}},"loc":{"start":{"line":86,"column":37},"end":{"line":99,"column":3}},"line":86},"11":{"name":"(anonymous_11)","decl":{"start":{"line":88,"column":6},"end":{"line":88,"column":7}},"loc":{"start":{"line":88,"column":18},"end":{"line":90,"column":7}},"line":88},"12":{"name":"(anonymous_12)","decl":{"start":{"line":92,"column":6},"end":{"line":92,"column":7}},"loc":{"start":{"line":92,"column":17},"end":{"line":97,"column":7}},"line":92},"13":{"name":"(anonymous_13)","decl":{"start":{"line":101,"column":31},"end":{"line":101,"column":32}},"loc":{"start":{"line":101,"column":51},"end":{"line":127,"column":3}},"line":101}},"branchMap":{"0":{"loc":{"start":{"line":56,"column":8},"end":{"line":58,"column":9}},"type":"if","locations":[{"start":{"line":56,"column":8},"end":{"line":58,"column":9}},{"start":{},"end":{}}],"line":56},"1":{"loc":{"start":{"line":56,"column":12},"end":{"line":56,"column":47}},"type":"binary-expr","locations":[{"start":{"line":56,"column":12},"end":{"line":56,"column":19}},{"start":{"line":56,"column":23},"end":{"line":56,"column":47}}],"line":56},"2":{"loc":{"start":{"line":116,"column":10},"end":{"line":118,"column":11}},"type":"if","locations":[{"start":{"line":116,"column":10},"end":{"line":118,"column":11}},{"start":{},"end":{}}],"line":116},"3":{"loc":{"start":{"line":116,"column":14},"end":{"line":116,"column":49}},"type":"binary-expr","locations":[{"start":{"line":116,"column":14},"end":{"line":116,"column":21}},{"start":{"line":116,"column":25},"end":{"line":116,"column":49}}],"line":116}},"s":{"0":1,"1":1,"2":0,"3":0,"4":0,"5":0,"6":1,"7":0,"8":0,"9":0,"10":1,"11":0,"12":0,"13":0,"14":0,"15":0,"16":0,"17":0,"18":0,"19":0,"20":0,"21":1,"22":0,"23":0,"24":0,"25":1,"26":0,"27":0,"28":0,"29":1,"30":0,"31":0,"32":0,"33":0,"34":0,"35":0,"36":0,"37":0,"38":0,"39":0},"f":{"0":0,"1":0,"2":0,"3":0,"4":0,"5":0,"6":0,"7":0,"8":0,"9":0,"10":0,"11":0,"12":0,"13":0},"b":{"0":[0,0],"1":[0,0],"2":[0,0],"3":[0,0]},"_coverageSchema":"1a1c01bbd47fc00a2c39e90264f33305004495a9","hash":"36779b356b95f1e3d0fb0231b315fd9e5994b93e"}
,"/Users/lrobles/Documents/Learning/Full-stack/go-fullstack-v3-fr/backend/controllers/userController.js": {"path":"/Users/lrobles/Documents/Learning/Full-stack/go-fullstack-v3-fr/backend/controllers/userController.js","statementMap":{"0":{"start":{"line":2,"column":13},"end":{"line":2,"column":38}},"1":{"start":{"line":3,"column":12},"end":{"line":3,"column":36}},"2":{"start":{"line":4,"column":15},"end":{"line":4,"column":32}},"3":{"start":{"line":6,"column":0},"end":{"line":27,"column":2}},"4":{"start":{"line":7,"column":38},"end":{"line":7,"column":46}},"5":{"start":{"line":8,"column":4},"end":{"line":25,"column":9}},"6":{"start":{"line":10,"column":19},"end":{"line":14,"column":8}},"7":{"start":{"line":15,"column":6},"end":{"line":20,"column":12}},"8":{"start":{"line":16,"column":20},"end":{"line":16,"column":75}},"9":{"start":{"line":17,"column":24},"end":{"line":20,"column":10}},"10":{"start":{"line":22,"column":20},"end":{"line":25,"column":7}},"11":{"start":{"line":30,"column":0},"end":{"line":59,"column":3}},"12":{"start":{"line":31,"column":4},"end":{"line":58,"column":13}},"13":{"start":{"line":33,"column":12},"end":{"line":35,"column":13}},"14":{"start":{"line":34,"column":16},"end":{"line":34,"column":84}},"15":{"start":{"line":36,"column":12},"end":{"line":53,"column":20}},"16":{"start":{"line":38,"column":20},"end":{"line":40,"column":21}},"17":{"start":{"line":39,"column":24},"end":{"line":39,"column":93}},"18":{"start":{"line":41,"column":20},"end":{"line":48,"column":23}},"19":{"start":{"line":50,"column":32},"end":{"line":53,"column":18}},"20":{"start":{"line":55,"column":24},"end":{"line":58,"column":11}},"21":{"start":{"line":61,"column":1},"end":{"line":74,"column":3}},"22":{"start":{"line":62,"column":4},"end":{"line":73,"column":6}},"23":{"start":{"line":64,"column":8},"end":{"line":64,"column":36}},"24":{"start":{"line":68,"column":8},"end":{"line":71,"column":17}},"25":{"start":{"line":76,"column":2},"end":{"line":102,"column":3}},"26":{"start":{"line":77,"column":4},"end":{"line":101,"column":9}},"27":{"start":{"line":78,"column":25},"end":{"line":78,"column":35}},"28":{"start":{"line":80,"column":29},"end":{"line":80,"column":44}},"29":{"start":{"line":83,"column":10},"end":{"line":83,"column":32}},"30":{"start":{"line":85,"column":25},"end":{"line":89,"column":11}},"31":{"start":{"line":91,"column":10},"end":{"line":93,"column":11}},"32":{"start":{"line":92,"column":14},"end":{"line":92,"column":73}},"33":{"start":{"line":95,"column":10},"end":{"line":95,"column":98}},"34":{"start":{"line":99,"column":10},"end":{"line":99,"column":31}},"35":{"start":{"line":100,"column":10},"end":{"line":100,"column":89}}},"fnMap":{"0":{"name":"(anonymous_0)","decl":{"start":{"line":6,"column":17},"end":{"line":6,"column":18}},"loc":{"start":{"line":6,"column":37},"end":{"line":27,"column":1}},"line":6},"1":{"name":"(anonymous_1)","decl":{"start":{"line":9,"column":9},"end":{"line":9,"column":10}},"loc":{"start":{"line":9,"column":17},"end":{"line":21,"column":5}},"line":9},"2":{"name":"(anonymous_2)","decl":{"start":{"line":16,"column":14},"end":{"line":16,"column":15}},"loc":{"start":{"line":16,"column":20},"end":{"line":16,"column":75}},"line":16},"3":{"name":"(anonymous_3)","decl":{"start":{"line":17,"column":15},"end":{"line":17,"column":16}},"loc":{"start":{"line":17,"column":24},"end":{"line":20,"column":10}},"line":17},"4":{"name":"(anonymous_4)","decl":{"start":{"line":22,"column":11},"end":{"line":22,"column":12}},"loc":{"start":{"line":22,"column":20},"end":{"line":25,"column":7}},"line":22},"5":{"name":"(anonymous_5)","decl":{"start":{"line":30,"column":16},"end":{"line":30,"column":17}},"loc":{"start":{"line":30,"column":36},"end":{"line":59,"column":2}},"line":30},"6":{"name":"(anonymous_6)","decl":{"start":{"line":32,"column":14},"end":{"line":32,"column":15}},"loc":{"start":{"line":32,"column":22},"end":{"line":54,"column":9}},"line":32},"7":{"name":"(anonymous_7)","decl":{"start":{"line":37,"column":22},"end":{"line":37,"column":23}},"loc":{"start":{"line":37,"column":31},"end":{"line":49,"column":17}},"line":37},"8":{"name":"(anonymous_8)","decl":{"start":{"line":50,"column":23},"end":{"line":50,"column":24}},"loc":{"start":{"line":50,"column":32},"end":{"line":53,"column":18}},"line":50},"9":{"name":"(anonymous_9)","decl":{"start":{"line":55,"column":15},"end":{"line":55,"column":16}},"loc":{"start":{"line":55,"column":24},"end":{"line":58,"column":11}},"line":55},"10":{"name":"(anonymous_10)","decl":{"start":{"line":61,"column":23},"end":{"line":61,"column":24}},"loc":{"start":{"line":61,"column":37},"end":{"line":74,"column":3}},"line":61},"11":{"name":"(anonymous_11)","decl":{"start":{"line":63,"column":6},"end":{"line":63,"column":7}},"loc":{"start":{"line":63,"column":17},"end":{"line":65,"column":7}},"line":63},"12":{"name":"(anonymous_12)","decl":{"start":{"line":67,"column":6},"end":{"line":67,"column":7}},"loc":{"start":{"line":67,"column":17},"end":{"line":72,"column":7}},"line":67},"13":{"name":"(anonymous_13)","decl":{"start":{"line":76,"column":24},"end":{"line":76,"column":25}},"loc":{"start":{"line":76,"column":44},"end":{"line":102,"column":3}},"line":76}},"branchMap":{"0":{"loc":{"start":{"line":33,"column":12},"end":{"line":35,"column":13}},"type":"if","locations":[{"start":{"line":33,"column":12},"end":{"line":35,"column":13}},{"start":{},"end":{}}],"line":33},"1":{"loc":{"start":{"line":38,"column":20},"end":{"line":40,"column":21}},"type":"if","locations":[{"start":{"line":38,"column":20},"end":{"line":40,"column":21}},{"start":{},"end":{}}],"line":38},"2":{"loc":{"start":{"line":91,"column":10},"end":{"line":93,"column":11}},"type":"if","locations":[{"start":{"line":91,"column":10},"end":{"line":93,"column":11}},{"start":{},"end":{}}],"line":91},"3":{"loc":{"start":{"line":91,"column":14},"end":{"line":91,"column":49}},"type":"binary-expr","locations":[{"start":{"line":91,"column":14},"end":{"line":91,"column":21}},{"start":{"line":91,"column":25},"end":{"line":91,"column":49}}],"line":91}},"s":{"0":1,"1":1,"2":1,"3":1,"4":0,"5":0,"6":0,"7":0,"8":0,"9":0,"10":0,"11":1,"12":1,"13":1,"14":0,"15":1,"16":1,"17":0,"18":1,"19":0,"20":0,"21":1,"22":0,"23":0,"24":0,"25":1,"26":0,"27":0,"28":0,"29":0,"30":0,"31":0,"32":0,"33":0,"34":0,"35":0},"f":{"0":0,"1":0,"2":0,"3":0,"4":0,"5":1,"6":1,"7":1,"8":0,"9":0,"10":0,"11":0,"12":0,"13":0},"b":{"0":[0,1],"1":[0,1],"2":[0,0],"3":[0,0]},"_coverageSchema":"1a1c01bbd47fc00a2c39e90264f33305004495a9","hash":"4f0887e307bea089cabdee4ae7ae1abb62cd7c00"}
,"/Users/lrobles/Documents/Learning/Full-stack/go-fullstack-v3-fr/backend/middleware/accessRoles.js": {"path":"/Users/lrobles/Documents/Learning/Full-stack/go-fullstack-v3-fr/backend/middleware/accessRoles.js","statementMap":{"0":{"start":{"line":1,"column":0},"end":{"line":13,"column":3}},"1":{"start":{"line":2,"column":4},"end":{"line":12,"column":6}},"2":{"start":{"line":3,"column":8},"end":{"line":6,"column":11}},"3":{"start":{"line":4,"column":12},"end":{"line":4,"column":41}},"4":{"start":{"line":5,"column":12},"end":{"line":5,"column":81}},"5":{"start":{"line":8,"column":10},"end":{"line":10,"column":11}},"6":{"start":{"line":9,"column":12},"end":{"line":9,"column":85}},"7":{"start":{"line":11,"column":6},"end":{"line":11,"column":13}}},"fnMap":{"0":{"name":"(anonymous_0)","decl":{"start":{"line":1,"column":17},"end":{"line":1,"column":18}},"loc":{"start":{"line":1,"column":39},"end":{"line":13,"column":3}},"line":1},"1":{"name":"(anonymous_1)","decl":{"start":{"line":2,"column":11},"end":{"line":2,"column":12}},"loc":{"start":{"line":2,"column":31},"end":{"line":12,"column":5}},"line":2}},"branchMap":{"0":{"loc":{"start":{"line":3,"column":8},"end":{"line":6,"column":11}},"type":"if","locations":[{"start":{"line":3,"column":8},"end":{"line":6,"column":11}},{"start":{},"end":{}}],"line":3},"1":{"loc":{"start":{"line":8,"column":10},"end":{"line":10,"column":11}},"type":"if","locations":[{"start":{"line":8,"column":10},"end":{"line":10,"column":11}},{"start":{},"end":{}}],"line":8}},"s":{"0":1,"1":6,"2":2,"3":0,"4":0,"5":2,"6":0,"7":2},"f":{"0":6,"1":2},"b":{"0":[0,2],"1":[0,2]},"_coverageSchema":"1a1c01bbd47fc00a2c39e90264f33305004495a9","hash":"f953d1c4c9bc9742a4a959cc86c8116b94ab9da0"}
,"/Users/lrobles/Documents/Learning/Full-stack/go-fullstack-v3-fr/backend/middleware/auth.js": {"path":"/Users/lrobles/Documents/Learning/Full-stack/go-fullstack-v3-fr/backend/middleware/auth.js","statementMap":{"0":{"start":{"line":1,"column":12},"end":{"line":1,"column":35}},"1":{"start":{"line":3,"column":0},"end":{"line":16,"column":2}},"2":{"start":{"line":4,"column":3},"end":{"line":15,"column":4}},"3":{"start":{"line":5,"column":21},"end":{"line":5,"column":60}},"4":{"start":{"line":6,"column":28},"end":{"line":6,"column":68}},"5":{"start":{"line":7,"column":7},"end":{"line":7,"column":31}},"6":{"start":{"line":9,"column":7},"end":{"line":9,"column":14}},"7":{"start":{"line":11,"column":7},"end":{"line":14,"column":7}}},"fnMap":{"0":{"name":"(anonymous_0)","decl":{"start":{"line":3,"column":17},"end":{"line":3,"column":18}},"loc":{"start":{"line":3,"column":37},"end":{"line":16,"column":1}},"line":3}},"branchMap":{},"s":{"0":1,"1":1,"2":2,"3":2,"4":2,"5":2,"6":2,"7":0},"f":{"0":2},"b":{},"_coverageSchema":"1a1c01bbd47fc00a2c39e90264f33305004495a9","hash":"9ea003eee07a0cf434aa4bd5a5625345ce744102"}
,"/Users/lrobles/Documents/Learning/Full-stack/go-fullstack-v3-fr/backend/models/Item.js": {"path":"/Users/lrobles/Documents/Learning/Full-stack/go-fullstack-v3-fr/backend/models/Item.js","statementMap":{"0":{"start":{"line":1,"column":17},"end":{"line":1,"column":36}},"1":{"start":{"line":3,"column":19},"end":{"line":9,"column":2}},"2":{"start":{"line":11,"column":0},"end":{"line":11,"column":52}}},"fnMap":{},"branchMap":{},"s":{"0":2,"1":2,"2":2},"f":{},"b":{},"_coverageSchema":"1a1c01bbd47fc00a2c39e90264f33305004495a9","hash":"d37566bbf11ea83aabcd32763017ec8b9fc84bb1"}
,"/Users/lrobles/Documents/Learning/Full-stack/go-fullstack-v3-fr/backend/models/Menu.js": {"path":"/Users/lrobles/Documents/Learning/Full-stack/go-fullstack-v3-fr/backend/models/Menu.js","statementMap":{"0":{"start":{"line":1,"column":17},"end":{"line":1,"column":36}},"1":{"start":{"line":3,"column":19},"end":{"line":10,"column":2}},"2":{"start":{"line":12,"column":0},"end":{"line":12,"column":52}}},"fnMap":{},"branchMap":{},"s":{"0":2,"1":2,"2":2},"f":{},"b":{},"_coverageSchema":"1a1c01bbd47fc00a2c39e90264f33305004495a9","hash":"cd49de0451424c3aa532712a4e0de4a49ee61b5f"}
,"/Users/lrobles/Documents/Learning/Full-stack/go-fullstack-v3-fr/backend/models/Order.js": {"path":"/Users/lrobles/Documents/Learning/Full-stack/go-fullstack-v3-fr/backend/models/Order.js","statementMap":{"0":{"start":{"line":1,"column":17},"end":{"line":1,"column":36}},"1":{"start":{"line":3,"column":20},"end":{"line":14,"column":2}},"2":{"start":{"line":16,"column":0},"end":{"line":16,"column":54}}},"fnMap":{},"branchMap":{},"s":{"0":1,"1":1,"2":1},"f":{},"b":{},"_coverageSchema":"1a1c01bbd47fc00a2c39e90264f33305004495a9","hash":"991b9ba9c8d02079736c0f24696faefccf82c44b"}
,"/Users/lrobles/Documents/Learning/Full-stack/go-fullstack-v3-fr/backend/models/User.js": {"path":"/Users/lrobles/Documents/Learning/Full-stack/go-fullstack-v3-fr/backend/models/User.js","statementMap":{"0":{"start":{"line":1,"column":17},"end":{"line":1,"column":36}},"1":{"start":{"line":2,"column":24},"end":{"line":2,"column":60}},"2":{"start":{"line":4,"column":19},"end":{"line":8,"column":2}},"3":{"start":{"line":10,"column":0},"end":{"line":10,"column":35}},"4":{"start":{"line":12,"column":0},"end":{"line":12,"column":52}}},"fnMap":{},"branchMap":{},"s":{"0":1,"1":1,"2":1,"3":1,"4":1},"f":{},"b":{},"_coverageSchema":"1a1c01bbd47fc00a2c39e90264f33305004495a9","hash":"f3c09510cd04be4bb5837e52ed0fe44a61d63de5"}
,"/Users/lrobles/Documents/Learning/Full-stack/go-fullstack-v3-fr/backend/routes/itemRoutes.js": {"path":"/Users/lrobles/Documents/Learning/Full-stack/go-fullstack-v3-fr/backend/routes/itemRoutes.js","statementMap":{"0":{"start":{"line":1,"column":16},"end":{"line":1,"column":34}},"1":{"start":{"line":2,"column":13},"end":{"line":2,"column":42}},"2":{"start":{"line":3,"column":20},"end":{"line":3,"column":56}},"3":{"start":{"line":5,"column":15},"end":{"line":5,"column":31}},"4":{"start":{"line":6,"column":17},"end":{"line":6,"column":57}},"5":{"start":{"line":8,"column":18},"end":{"line":8,"column":38}},"6":{"start":{"line":38,"column":0},"end":{"line":38,"column":55}},"7":{"start":{"line":58,"column":0},"end":{"line":58,"column":57}},"8":{"start":{"line":78,"column":0},"end":{"line":78,"column":57}},"9":{"start":{"line":98,"column":0},"end":{"line":98,"column":60}},"10":{"start":{"line":111,"column":0},"end":{"line":111,"column":55}},"11":{"start":{"line":113,"column":0},"end":{"line":113,"column":24}}},"fnMap":{},"branchMap":{},"s":{"0":1,"1":1,"2":1,"3":1,"4":1,"5":1,"6":1,"7":1,"8":1,"9":1,"10":1,"11":1},"f":{},"b":{},"_coverageSchema":"1a1c01bbd47fc00a2c39e90264f33305004495a9","hash":"b6da8b4bb404bba11273a4c3176eccf45fd1e707"}
,"/Users/lrobles/Documents/Learning/Full-stack/go-fullstack-v3-fr/backend/routes/menuRoutes.js": {"path":"/Users/lrobles/Documents/Learning/Full-stack/go-fullstack-v3-fr/backend/routes/menuRoutes.js","statementMap":{"0":{"start":{"line":1,"column":16},"end":{"line":1,"column":34}},"1":{"start":{"line":3,"column":15},"end":{"line":3,"column":31}},"2":{"start":{"line":4,"column":17},"end":{"line":4,"column":57}},"3":{"start":{"line":5,"column":20},"end":{"line":5,"column":56}},"4":{"start":{"line":6,"column":13},"end":{"line":6,"column":42}},"5":{"start":{"line":8,"column":18},"end":{"line":8,"column":38}},"6":{"start":{"line":11,"column":0},"end":{"line":11,"column":55}},"7":{"start":{"line":14,"column":0},"end":{"line":14,"column":57}},"8":{"start":{"line":17,"column":0},"end":{"line":17,"column":57}},"9":{"start":{"line":20,"column":0},"end":{"line":20,"column":60}},"10":{"start":{"line":22,"column":0},"end":{"line":22,"column":55}},"11":{"start":{"line":24,"column":0},"end":{"line":24,"column":24}}},"fnMap":{},"branchMap":{},"s":{"0":1,"1":1,"2":1,"3":1,"4":1,"5":1,"6":1,"7":1,"8":1,"9":1,"10":1,"11":1},"f":{},"b":{},"_coverageSchema":"1a1c01bbd47fc00a2c39e90264f33305004495a9","hash":"4505bd517112e9996d882551594d08e815ccd773"}
,"/Users/lrobles/Documents/Learning/Full-stack/go-fullstack-v3-fr/backend/routes/orderRoutes.js": {"path":"/Users/lrobles/Documents/Learning/Full-stack/go-fullstack-v3-fr/backend/routes/orderRoutes.js","statementMap":{"0":{"start":{"line":1,"column":16},"end":{"line":1,"column":34}},"1":{"start":{"line":3,"column":15},"end":{"line":3,"column":31}},"2":{"start":{"line":4,"column":18},"end":{"line":4,"column":59}},"3":{"start":{"line":5,"column":20},"end":{"line":5,"column":56}},"4":{"start":{"line":6,"column":13},"end":{"line":6,"column":42}},"5":{"start":{"line":8,"column":18},"end":{"line":8,"column":38}},"6":{"start":{"line":9,"column":27},"end":{"line":9,"column":62}},"7":{"start":{"line":10,"column":25},"end":{"line":10,"column":58}},"8":{"start":{"line":13,"column":0},"end":{"line":13,"column":63}},"9":{"start":{"line":16,"column":0},"end":{"line":16,"column":68}},"10":{"start":{"line":19,"column":0},"end":{"line":19,"column":66}},"11":{"start":{"line":22,"column":0},"end":{"line":22,"column":54}},"12":{"start":{"line":25,"column":0},"end":{"line":25,"column":56}},"13":{"start":{"line":27,"column":0},"end":{"line":27,"column":66}},"14":{"start":{"line":29,"column":0},"end":{"line":29,"column":24}}},"fnMap":{},"branchMap":{},"s":{"0":1,"1":1,"2":1,"3":1,"4":1,"5":1,"6":1,"7":1,"8":1,"9":1,"10":1,"11":1,"12":1,"13":1,"14":1},"f":{},"b":{},"_coverageSchema":"1a1c01bbd47fc00a2c39e90264f33305004495a9","hash":"464cd742bf9cc6bd3205d6844454e9d4d4413f57"}
,"/Users/lrobles/Documents/Learning/Full-stack/go-fullstack-v3-fr/backend/routes/userRoutes.js": {"path":"/Users/lrobles/Documents/Learning/Full-stack/go-fullstack-v3-fr/backend/routes/userRoutes.js","statementMap":{"0":{"start":{"line":1,"column":16},"end":{"line":1,"column":34}},"1":{"start":{"line":2,"column":15},"end":{"line":2,"column":31}},"2":{"start":{"line":3,"column":17},"end":{"line":3,"column":57}},"3":{"start":{"line":4,"column":13},"end":{"line":4,"column":42}},"4":{"start":{"line":5,"column":20},"end":{"line":5,"column":56}},"5":{"start":{"line":7,"column":18},"end":{"line":7,"column":38}},"6":{"start":{"line":9,"column":0},"end":{"line":9,"column":41}},"7":{"start":{"line":10,"column":0},"end":{"line":10,"column":39}},"8":{"start":{"line":11,"column":0},"end":{"line":11,"column":55}},"9":{"start":{"line":12,"column":0},"end":{"line":12,"column":57}},"10":{"start":{"line":14,"column":0},"end":{"line":14,"column":24}}},"fnMap":{},"branchMap":{},"s":{"0":1,"1":1,"2":1,"3":1,"4":1,"5":1,"6":1,"7":1,"8":1,"9":1,"10":1},"f":{},"b":{},"_coverageSchema":"1a1c01bbd47fc00a2c39e90264f33305004495a9","hash":"581584cdd93d680bc73078ba9c9a15f866546319"}
,"/Users/lrobles/Documents/Learning/Full-stack/go-fullstack-v3-fr/backend/utils/orderUtils.js": {"path":"/Users/lrobles/Documents/Learning/Full-stack/go-fullstack-v3-fr/backend/utils/orderUtils.js","statementMap":{"0":{"start":{"line":1,"column":13},"end":{"line":1,"column":38}},"1":{"start":{"line":2,"column":13},"end":{"line":2,"column":38}},"2":{"start":{"line":5,"column":14},"end":{"line":5,"column":15}},"3":{"start":{"line":7,"column":2},"end":{"line":26,"column":3}},"4":{"start":{"line":9,"column":20},"end":{"line":9,"column":56}},"5":{"start":{"line":9,"column":44},"end":{"line":9,"column":55}},"6":{"start":{"line":10,"column":24},"end":{"line":10,"column":66}},"7":{"start":{"line":11,"column":20},"end":{"line":11,"column":29}},"8":{"start":{"line":12,"column":4},"end":{"line":14,"column":7}},"9":{"start":{"line":13,"column":6},"end":{"line":13,"column":55}},"10":{"start":{"line":16,"column":4},"end":{"line":25,"column":5}},"11":{"start":{"line":17,"column":20},"end":{"line":17,"column":49}},"12":{"start":{"line":18,"column":23},"end":{"line":18,"column":46}},"13":{"start":{"line":20,"column":6},"end":{"line":24,"column":7}},"14":{"start":{"line":21,"column":8},"end":{"line":21,"column":34}},"15":{"start":{"line":23,"column":8},"end":{"line":23,"column":73}},"16":{"start":{"line":28,"column":2},"end":{"line":47,"column":4}},"17":{"start":{"line":30,"column":20},"end":{"line":30,"column":56}},"18":{"start":{"line":30,"column":44},"end":{"line":30,"column":55}},"19":{"start":{"line":31,"column":24},"end":{"line":31,"column":66}},"20":{"start":{"line":32,"column":20},"end":{"line":32,"column":29}},"21":{"start":{"line":33,"column":4},"end":{"line":35,"column":7}},"22":{"start":{"line":34,"column":6},"end":{"line":34,"column":55}},"23":{"start":{"line":37,"column":4},"end":{"line":46,"column":7}},"24":{"start":{"line":38,"column":22},"end":{"line":38,"column":51}},"25":{"start":{"line":39,"column":25},"end":{"line":39,"column":48}},"26":{"start":{"line":41,"column":8},"end":{"line":45,"column":9}},"27":{"start":{"line":42,"column":10},"end":{"line":42,"column":36}},"28":{"start":{"line":44,"column":10},"end":{"line":44,"column":75}},"29":{"start":{"line":49,"column":4},"end":{"line":49,"column":17}},"30":{"start":{"line":52,"column":2},"end":{"line":52,"column":43}}},"fnMap":{"0":{"name":"calculateOrderTotal","decl":{"start":{"line":4,"column":15},"end":{"line":4,"column":34}},"loc":{"start":{"line":4,"column":42},"end":{"line":50,"column":3}},"line":4},"1":{"name":"(anonymous_1)","decl":{"start":{"line":9,"column":36},"end":{"line":9,"column":37}},"loc":{"start":{"line":9,"column":44},"end":{"line":9,"column":55}},"line":9},"2":{"name":"(anonymous_2)","decl":{"start":{"line":12,"column":24},"end":{"line":12,"column":25}},"loc":{"start":{"line":12,"column":34},"end":{"line":14,"column":5}},"line":12},"3":{"name":"(anonymous_3)","decl":{"start":{"line":30,"column":36},"end":{"line":30,"column":37}},"loc":{"start":{"line":30,"column":44},"end":{"line":30,"column":55}},"line":30},"4":{"name":"(anonymous_4)","decl":{"start":{"line":33,"column":24},"end":{"line":33,"column":25}},"loc":{"start":{"line":33,"column":34},"end":{"line":35,"column":5}},"line":33}},"branchMap":{"0":{"loc":{"start":{"line":7,"column":2},"end":{"line":26,"column":3}},"type":"if","locations":[{"start":{"line":7,"column":2},"end":{"line":26,"column":3}},{"start":{},"end":{}}],"line":7},"1":{"loc":{"start":{"line":7,"column":6},"end":{"line":7,"column":73}},"type":"binary-expr","locations":[{"start":{"line":7,"column":6},"end":{"line":7,"column":17}},{"start":{"line":7,"column":21},"end":{"line":7,"column":47}},{"start":{"line":7,"column":51},"end":{"line":7,"column":73}}],"line":7},"2":{"loc":{"start":{"line":18,"column":23},"end":{"line":18,"column":46}},"type":"binary-expr","locations":[{"start":{"line":18,"column":23},"end":{"line":18,"column":41}},{"start":{"line":18,"column":45},"end":{"line":18,"column":46}}],"line":18},"3":{"loc":{"start":{"line":20,"column":6},"end":{"line":24,"column":7}},"type":"if","locations":[{"start":{"line":20,"column":6},"end":{"line":24,"column":7}},{"start":{"line":22,"column":13},"end":{"line":24,"column":7}}],"line":20},"4":{"loc":{"start":{"line":28,"column":2},"end":{"line":47,"column":4}},"type":"if","locations":[{"start":{"line":28,"column":2},"end":{"line":47,"column":4}},{"start":{},"end":{}}],"line":28},"5":{"loc":{"start":{"line":28,"column":6},"end":{"line":28,"column":73}},"type":"binary-expr","locations":[{"start":{"line":28,"column":6},"end":{"line":28,"column":17}},{"start":{"line":28,"column":21},"end":{"line":28,"column":47}},{"start":{"line":28,"column":51},"end":{"line":28,"column":73}}],"line":28},"6":{"loc":{"start":{"line":39,"column":25},"end":{"line":39,"column":48}},"type":"binary-expr","locations":[{"start":{"line":39,"column":25},"end":{"line":39,"column":43}},{"start":{"line":39,"column":47},"end":{"line":39,"column":48}}],"line":39},"7":{"loc":{"start":{"line":41,"column":8},"end":{"line":45,"column":9}},"type":"if","locations":[{"start":{"line":41,"column":8},"end":{"line":45,"column":9}},{"start":{"line":43,"column":15},"end":{"line":45,"column":9}}],"line":41}},"s":{"0":1,"1":1,"2":2,"3":2,"4":2,"5":4,"6":2,"7":2,"8":2,"9":3,"10":2,"11":4,"12":4,"13":4,"14":3,"15":1,"16":2,"17":1,"18":2,"19":1,"20":1,"21":1,"22":2,"23":1,"24":2,"25":2,"26":2,"27":2,"28":0,"29":2,"30":1},"f":{"0":2,"1":4,"2":3,"3":2,"4":2},"b":{"0":[2,0],"1":[2,2,2],"2":[4,0],"3":[3,1],"4":[1,1],"5":[2,1,1],"6":[2,0],"7":[2,0]},"_coverageSchema":"1a1c01bbd47fc00a2c39e90264f33305004495a9","hash":"9e4f959bb684b0405864046e94ca814ba348f0b5"}
}
