TN:
SF:app.js
FN:16,(anonymous_0)
FN:17,(anonymous_1)
FN:21,(anonymous_2)
FNF:3
FNH:2
FNDA:1,(anonymous_0)
FNDA:0,(anonymous_1)
FNDA:3,(anonymous_2)
DA:1,1
DA:2,1
DA:3,1
DA:4,1
DA:5,1
DA:6,1
DA:7,1
DA:8,1
DA:9,1
DA:13,1
DA:16,1
DA:17,0
DA:21,1
DA:22,3
DA:23,3
DA:24,3
DA:25,3
DA:28,1
DA:29,1
DA:30,1
DA:31,1
DA:33,1
DA:35,1
LF:23
LH:22
BRF:0
BRH:0
end_of_record
TN:
SF:swagger.js
FNF:0
FNH:0
DA:2,1
DA:3,1
DA:5,1
DA:22,1
DA:24,1
LF:5
LH:5
BRF:0
BRH:0
end_of_record
TN:
SF:controllers/itemController.js
FN:5,(anonymous_0)
FN:14,(anonymous_1)
FN:18,(anonymous_2)
FN:26,(anonymous_3)
FN:30,(anonymous_4)
FN:34,(anonymous_5)
FN:42,(anonymous_6)
FN:72,(anonymous_7)
FN:74,(anonymous_8)
FN:80,(anonymous_9)
FN:88,(anonymous_10)
FN:90,(anonymous_11)
FN:94,(anonymous_12)
FNF:13
FNH:2
FNDA:0,(anonymous_0)
FNDA:0,(anonymous_1)
FNDA:0,(anonymous_2)
FNDA:0,(anonymous_3)
FNDA:0,(anonymous_4)
FNDA:0,(anonymous_5)
FNDA:0,(anonymous_6)
FNDA:0,(anonymous_7)
FNDA:0,(anonymous_8)
FNDA:0,(anonymous_9)
FNDA:1,(anonymous_10)
FNDA:1,(anonymous_11)
FNDA:0,(anonymous_12)
DA:1,1
DA:5,1
DA:6,0
DA:13,0
DA:15,0
DA:19,0
DA:26,1
DA:27,0
DA:31,0
DA:35,0
DA:42,1
DA:43,0
DA:44,0
DA:45,0
DA:47,0
DA:50,0
DA:52,0
DA:58,0
DA:59,0
DA:62,0
DA:63,0
DA:64,0
DA:67,0
DA:68,0
DA:72,1
DA:73,0
DA:75,0
DA:81,0
DA:88,1
DA:89,1
DA:91,1
DA:95,0
LF:32
LH:8
BRDA:58,0,0,0
BRDA:58,0,1,0
BRDA:58,1,0,0
BRDA:58,1,1,0
BRF:4
BRH:0
end_of_record
TN:
SF:controllers/menuController.js
FN:4,(anonymous_0)
FN:14,(anonymous_1)
FN:18,(anonymous_2)
FN:26,(anonymous_3)
FN:30,(anonymous_4)
FN:34,(anonymous_5)
FN:42,(anonymous_6)
FN:71,(anonymous_7)
FN:73,(anonymous_8)
FN:79,(anonymous_9)
FN:87,(anonymous_10)
FN:89,(anonymous_11)
FN:93,(anonymous_12)
FNF:13
FNH:2
FNDA:0,(anonymous_0)
FNDA:0,(anonymous_1)
FNDA:0,(anonymous_2)
FNDA:0,(anonymous_3)
FNDA:0,(anonymous_4)
FNDA:0,(anonymous_5)
FNDA:0,(anonymous_6)
FNDA:0,(anonymous_7)
FNDA:0,(anonymous_8)
FNDA:0,(anonymous_9)
FNDA:1,(anonymous_10)
FNDA:1,(anonymous_11)
FNDA:0,(anonymous_12)
DA:2,1
DA:4,1
DA:5,0
DA:13,0
DA:15,0
DA:19,0
DA:26,1
DA:27,0
DA:31,0
DA:35,0
DA:42,1
DA:43,0
DA:44,0
DA:45,0
DA:47,0
DA:50,0
DA:52,0
DA:58,0
DA:59,0
DA:62,0
DA:66,0
DA:67,0
DA:71,1
DA:72,0
DA:74,0
DA:80,0
DA:87,1
DA:88,1
DA:90,1
DA:94,0
LF:30
LH:8
BRDA:58,0,0,0
BRDA:58,0,1,0
BRDA:58,1,0,0
BRDA:58,1,1,0
BRF:4
BRH:0
end_of_record
TN:
SF:controllers/orderController.js
FN:4,(anonymous_0)
FN:12,(anonymous_1)
FN:16,(anonymous_2)
FN:24,(anonymous_3)
FN:28,(anonymous_4)
FN:32,(anonymous_5)
FN:41,(anonymous_6)
FN:69,(anonymous_7)
FN:71,(anonymous_8)
FN:77,(anonymous_9)
FN:86,(anonymous_10)
FN:88,(anonymous_11)
FN:92,(anonymous_12)
FN:101,(anonymous_13)
FNF:14
FNH:0
FNDA:0,(anonymous_0)
FNDA:0,(anonymous_1)
FNDA:0,(anonymous_2)
FNDA:0,(anonymous_3)
FNDA:0,(anonymous_4)
FNDA:0,(anonymous_5)
FNDA:0,(anonymous_6)
FNDA:0,(anonymous_7)
FNDA:0,(anonymous_8)
FNDA:0,(anonymous_9)
FNDA:0,(anonymous_10)
FNDA:0,(anonymous_11)
FNDA:0,(anonymous_12)
FNDA:0,(anonymous_13)
DA:2,1
DA:4,1
DA:5,0
DA:11,0
DA:13,0
DA:17,0
DA:24,1
DA:25,0
DA:29,0
DA:33,0
DA:41,1
DA:42,0
DA:43,0
DA:45,0
DA:48,0
DA:50,0
DA:56,0
DA:57,0
DA:60,0
DA:64,0
DA:65,0
DA:69,1
DA:70,0
DA:72,0
DA:78,0
DA:86,1
DA:87,0
DA:89,0
DA:93,0
DA:101,1
DA:102,0
DA:103,0
DA:105,0
DA:108,0
DA:110,0
DA:116,0
DA:117,0
DA:120,0
DA:124,0
DA:125,0
LF:40
LH:7
BRDA:56,0,0,0
BRDA:56,0,1,0
BRDA:56,1,0,0
BRDA:56,1,1,0
BRDA:116,2,0,0
BRDA:116,2,1,0
BRDA:116,3,0,0
BRDA:116,3,1,0
BRF:8
BRH:0
end_of_record
TN:
SF:controllers/userController.js
FN:6,(anonymous_0)
FN:9,(anonymous_1)
FN:16,(anonymous_2)
FN:17,(anonymous_3)
FN:22,(anonymous_4)
FN:30,(anonymous_5)
FN:32,(anonymous_6)
FN:37,(anonymous_7)
FN:50,(anonymous_8)
FN:55,(anonymous_9)
FN:61,(anonymous_10)
FN:63,(anonymous_11)
FN:67,(anonymous_12)
FN:76,(anonymous_13)
FNF:14
FNH:3
FNDA:0,(anonymous_0)
FNDA:0,(anonymous_1)
FNDA:0,(anonymous_2)
FNDA:0,(anonymous_3)
FNDA:0,(anonymous_4)
FNDA:1,(anonymous_5)
FNDA:1,(anonymous_6)
FNDA:1,(anonymous_7)
FNDA:0,(anonymous_8)
FNDA:0,(anonymous_9)
FNDA:0,(anonymous_10)
FNDA:0,(anonymous_11)
FNDA:0,(anonymous_12)
FNDA:0,(anonymous_13)
DA:2,1
DA:3,1
DA:4,1
DA:6,1
DA:7,0
DA:8,0
DA:10,0
DA:15,0
DA:16,0
DA:17,0
DA:22,0
DA:30,1
DA:31,1
DA:33,1
DA:34,0
DA:36,1
DA:38,1
DA:39,0
DA:41,1
DA:50,0
DA:55,0
DA:61,1
DA:62,0
DA:64,0
DA:68,0
DA:76,1
DA:77,0
DA:78,0
DA:80,0
DA:83,0
DA:85,0
DA:91,0
DA:92,0
DA:95,0
DA:99,0
DA:100,0
LF:36
LH:12
BRDA:33,0,0,0
BRDA:33,0,1,1
BRDA:38,1,0,0
BRDA:38,1,1,1
BRDA:91,2,0,0
BRDA:91,2,1,0
BRDA:91,3,0,0
BRDA:91,3,1,0
BRF:8
BRH:2
end_of_record
TN:
SF:middleware/accessRoles.js
FN:1,(anonymous_0)
FN:2,(anonymous_1)
FNF:2
FNH:2
FNDA:6,(anonymous_0)
FNDA:2,(anonymous_1)
DA:1,1
DA:2,6
DA:3,2
DA:4,0
DA:5,0
DA:8,2
DA:9,0
DA:11,2
LF:8
LH:5
BRDA:3,0,0,0
BRDA:3,0,1,2
BRDA:8,1,0,0
BRDA:8,1,1,2
BRF:4
BRH:2
end_of_record
TN:
SF:middleware/auth.js
FN:3,(anonymous_0)
FNF:1
FNH:1
FNDA:2,(anonymous_0)
DA:1,1
DA:3,1
DA:4,2
DA:5,2
DA:6,2
DA:7,2
DA:9,2
DA:11,0
LF:8
LH:7
BRF:0
BRH:0
end_of_record
TN:
SF:models/Item.js
FNF:0
FNH:0
DA:1,2
DA:3,2
DA:11,2
LF:3
LH:3
BRF:0
BRH:0
end_of_record
TN:
SF:models/Menu.js
FNF:0
FNH:0
DA:1,2
DA:3,2
DA:12,2
LF:3
LH:3
BRF:0
BRH:0
end_of_record
TN:
SF:models/Order.js
FNF:0
FNH:0
DA:1,1
DA:3,1
DA:16,1
LF:3
LH:3
BRF:0
BRH:0
end_of_record
TN:
SF:models/User.js
FNF:0
FNH:0
DA:1,1
DA:2,1
DA:4,1
DA:10,1
DA:12,1
LF:5
LH:5
BRF:0
BRH:0
end_of_record
TN:
SF:routes/itemRoutes.js
FNF:0
FNH:0
DA:1,1
DA:2,1
DA:3,1
DA:5,1
DA:6,1
DA:8,1
DA:38,1
DA:58,1
DA:78,1
DA:98,1
DA:111,1
DA:113,1
LF:12
LH:12
BRF:0
BRH:0
end_of_record
TN:
SF:routes/menuRoutes.js
FNF:0
FNH:0
DA:1,1
DA:3,1
DA:4,1
DA:5,1
DA:6,1
DA:8,1
DA:11,1
DA:14,1
DA:17,1
DA:20,1
DA:22,1
DA:24,1
LF:12
LH:12
BRF:0
BRH:0
end_of_record
TN:
SF:routes/orderRoutes.js
FNF:0
FNH:0
DA:1,1
DA:3,1
DA:4,1
DA:5,1
DA:6,1
DA:8,1
DA:9,1
DA:10,1
DA:13,1
DA:16,1
DA:19,1
DA:22,1
DA:25,1
DA:27,1
DA:29,1
LF:15
LH:15
BRF:0
BRH:0
end_of_record
TN:
SF:routes/userRoutes.js
FNF:0
FNH:0
DA:1,1
DA:2,1
DA:3,1
DA:4,1
DA:5,1
DA:7,1
DA:9,1
DA:10,1
DA:11,1
DA:12,1
DA:14,1
LF:11
LH:11
BRF:0
BRH:0
end_of_record
TN:
SF:utils/orderUtils.js
FN:4,calculateOrderTotal
FN:9,(anonymous_1)
FN:12,(anonymous_2)
FN:30,(anonymous_3)
FN:33,(anonymous_4)
FNF:5
FNH:5
FNDA:2,calculateOrderTotal
FNDA:4,(anonymous_1)
FNDA:3,(anonymous_2)
FNDA:2,(anonymous_3)
FNDA:2,(anonymous_4)
DA:1,1
DA:2,1
DA:5,2
DA:7,2
DA:9,4
DA:10,2
DA:11,2
DA:12,2
DA:13,3
DA:16,2
DA:17,4
DA:18,4
DA:20,4
DA:21,3
DA:23,1
DA:28,2
DA:30,2
DA:31,1
DA:32,1
DA:33,1
DA:34,2
DA:37,1
DA:38,2
DA:39,2
DA:41,2
DA:42,2
DA:44,0
DA:49,2
DA:52,1
LF:29
LH:28
BRDA:7,0,0,2
BRDA:7,0,1,0
BRDA:7,1,0,2
BRDA:7,1,1,2
BRDA:7,1,2,2
BRDA:18,2,0,4
BRDA:18,2,1,0
BRDA:20,3,0,3
BRDA:20,3,1,1
BRDA:28,4,0,1
BRDA:28,4,1,1
BRDA:28,5,0,2
BRDA:28,5,1,1
BRDA:28,5,2,1
BRDA:39,6,0,2
BRDA:39,6,1,0
BRDA:41,7,0,2
BRDA:41,7,1,0
BRF:18
BRH:14
end_of_record
